<?xml version="1.0" encoding="UTF-8"?>
<!-- Generated by org.testng.reporters.JUnitXMLReporter -->
<testsuite hostname="Payals-MacBook-Air.local" ignored="0" name="Default test" tests="4" failures="0" timestamp="22 Oct 2018 03:53:52 GMT" time="73.621" errors="0">
  <testcase name="browserCalling" time="14.798" classname="TDWebTest.RegistrationPage.RegistrationTestmySelfTestBase"/>
  <testcase name="titleVerifying" time="3.641" classname="TDWebTest.RegistrationPage.RegistrationTestmySelfTestBase"/>
  <testcase name="registrationData" time="48.244" classname="TDWebTest.RegistrationPage.RegistrationTestmySelfTestBase"/>
  <testcase name="loginData" time="6.766" classname="TDWebTest.RegistrationPage.RegistrationTestmySelfTestBase"/>
</testsuite> <!-- Default test -->
