<?xml version="1.0" encoding="UTF-8"?>
<!-- Generated by org.testng.reporters.JUnitReportReporter -->
<testsuite skipped="0" hostname="Payals-MacBook-Air.local" name="EditTimeCustomerBug.CustBugTime68" tests="3" failures="0" timestamp="22 Oct 2018 03:48:58 GMT" time="32.416" errors="0">
  <testcase name="browserCalling" time="14.845" classname="EditTimeCustomerBug.CustBugTime68"/>
  <testcase name="logindetails" time="10.984" classname="EditTimeCustomerBug.CustBugTime68"/>
  <testcase name="workingslot" time="6.587" classname="EditTimeCustomerBug.CustBugTime68"/>
</testsuite> <!-- EditTimeCustomerBug.CustBugTime68 -->
