<?xml version="1.0" encoding="UTF-8"?>
<!-- Generated by org.testng.reporters.JUnitXMLReporter -->
<testsuite hostname="Angelinos-MacBook-Pro.local" name="Default test" tests="2" failures="0" timestamp="7 Dec 2018 09:43:38 GMT" time="32.867" errors="0">
  <testcase name="Login" time="0.0" classname="TDWebTest.TimelogComparison.CompareDailyReportsOfSingleUser">
    <skipped/>
  </testcase> <!-- Login -->
  <testcase name="CompareWorkLogByDay" time="0.0" classname="TDWebTest.TimelogComparison.CompareDailyReportsOfSingleUser">
    <skipped/>
  </testcase> <!-- CompareWorkLogByDay -->
</testsuite> <!-- Default test -->
