<?xml version="1.0" encoding="UTF-8"?>
<!-- Generated by org.testng.reporters.JUnitXMLReporter -->
<testsuite hostname="Angelinos-MacBook-Pro.local" name="CompareDailyReportsOfAllUsers" tests="2" failures="1" timestamp="10 Dec 2018 13:45:28 GMT" time="236.391" errors="0">
  <testcase name="Login" time="11.548" classname="TDWebTest.TimelogComparison.CompareEditTimeAndDailyReports"/>
  <testcase name="CompareWorkLogByDay" time="215.889" classname="TDWebTest.TimelogComparison.CompareEditTimeAndDailyReports">
    <failure type="java.lang.AssertionError" message="expected [true] but found [false]">
      <![CDATA[java.lang.AssertionError: expected [true] but found [false]
	at TDWebTest.TimelogComparison.CompareEditTimeAndDailyReports.CompareWorkLogByDay(CompareEditTimeAndDailyReports.java:63)
	at java.util.concurrent.FutureTask.run(FutureTask.java:266)
	at java.util.concurrent.ThreadPoolExecutor.runWorker(ThreadPoolExecutor.java:1142)
	at java.util.concurrent.ThreadPoolExecutor$Worker.run(ThreadPoolExecutor.java:617)
	at java.lang.Thread.run(Thread.java:745)
... Removed 20 stack frames]]>
    </failure>
  </testcase> <!-- CompareWorkLogByDay -->
</testsuite> <!-- CompareDailyReportsOfAllUsers -->
