<?xml version="1.0" encoding="UTF-8"?>
<!-- Generated by org.testng.reporters.JUnitXMLReporter -->
<testsuite hostname="Angelinos-MacBook-Pro.local" name="CompareDailyReportsOfSingleUser" tests="2" failures="0" timestamp="10 Dec 2018 11:55:54 GMT" time="178.039" errors="0">
  <testcase name="Login" time="63.037" classname="TDWebTest.TimelogComparison.CompareDailyReportsOfSingleUser"/>
  <testcase name="CompareWorkLogByDay" time="103.987" classname="TDWebTest.TimelogComparison.CompareDailyReportsOfSingleUser"/>
</testsuite> <!-- CompareDailyReportsOfSingleUser -->
