<?xml version="1.0" encoding="UTF-8"?>
<!-- Generated by org.testng.reporters.JUnitXMLReporter -->
<testsuite hostname="Angelinos-MacBook-Pro.local" name="CompareWeeklyReportsOfAllUsers" tests="2" failures="0" timestamp="10 Dec 2018 11:51:43 GMT" time="120.507" errors="0">
  <testcase name="Login" time="29.823" classname="TDWebTest.TimelogComparison.CompareWeeklyReportsOfAllUsers"/>
  <testcase name="CompareWorkLogByDay" time="56.697" classname="TDWebTest.TimelogComparison.CompareWeeklyReportsOfAllUsers"/>
</testsuite> <!-- CompareWeeklyReportsOfAllUsers -->
