<?xml version="1.0" encoding="UTF-8"?>
<testng-results skipped="0" failed="1" total="2" passed="1">
  <reporter-output>
  </reporter-output>
  <suite name="Suite" duration-ms="236391" started-at="2018-12-10T13:41:32Z" finished-at="2018-12-10T13:45:28Z">
    <groups>
    </groups>
    <test name="CompareDailyReportsOfAllUsers" duration-ms="236391" started-at="2018-12-10T13:41:32Z" finished-at="2018-12-10T13:45:28Z">
      <class name="TDWebTest.TimelogComparison.CompareEditTimeAndDailyReports">
        <test-method status="PASS" signature="SuiteSetup()[pri:0, instance:TDWebTest.TimelogComparison.CompareEditTimeAndDailyReports@523884b2]" name="SuiteSetup" is-config="true" duration-ms="7746" started-at="2018-12-10T21:41:32Z" finished-at="2018-12-10T21:41:40Z">
          <reporter-output>
          </reporter-output>
        </test-method> <!-- SuiteSetup -->
        <test-method status="PASS" signature="Login(java.lang.String, java.lang.String)[pri:0, instance:TDWebTest.TimelogComparison.CompareEditTimeAndDailyReports@523884b2]" name="Login" duration-ms="11548" started-at="2018-12-10T21:41:40Z" finished-at="2018-12-10T21:41:51Z">
          <params>
            <param index="0">
              <value>
                <![CDATA[johnp+td@staff.com]]>
              </value>
            </param>
            <param index="1">
              <value>
                <![CDATA[testtest]]>
              </value>
            </param>
          </params>
          <reporter-output>
          </reporter-output>
        </test-method> <!-- Login -->
        <test-method status="PASS" signature="getResult(org.testng.ITestResult)[pri:0, instance:TDWebTest.TimelogComparison.CompareEditTimeAndDailyReports@523884b2]" name="getResult" is-config="true" duration-ms="5" started-at="2018-12-10T21:41:51Z" finished-at="2018-12-10T21:41:51Z">
          <params>
            <param index="0">
              <value>
                <![CDATA[[TestResult name=Login status=SUCCESS method=CompareEditTimeAndDailyReports.Login(java.lang.String, java.lang.String)[pri:0, instance:TDWebTest.TimelogComparison.CompareEditTimeAndDailyReports@523884b2] output={null}]]]>
              </value>
            </param>
          </params>
          <reporter-output>
          </reporter-output>
        </test-method> <!-- getResult -->
        <test-method status="FAIL" signature="CompareWorkLogByDay()[pri:0, instance:TDWebTest.TimelogComparison.CompareEditTimeAndDailyReports@523884b2]" name="CompareWorkLogByDay" duration-ms="215889" started-at="2018-12-10T21:41:51Z" depends-on-methods="TDWebTest.TimelogComparison.CompareEditTimeAndDailyReports.Login" finished-at="2018-12-10T21:45:27Z">
          <exception class="java.lang.AssertionError">
            <message>
              <![CDATA[expected [true] but found [false]]]>
            </message>
            <full-stacktrace>
              <![CDATA[java.lang.AssertionError: expected [true] but found [false]
	at org.testng.Assert.fail(Assert.java:94)
	at org.testng.Assert.failNotEquals(Assert.java:496)
	at org.testng.Assert.assertTrue(Assert.java:42)
	at org.testng.Assert.assertTrue(Assert.java:52)
	at TDWebTest.TimelogComparison.CompareEditTimeAndDailyReports.CompareWorkLogByDay(CompareEditTimeAndDailyReports.java:63)
	at sun.reflect.NativeMethodAccessorImpl.invoke0(Native Method)
	at sun.reflect.NativeMethodAccessorImpl.invoke(NativeMethodAccessorImpl.java:62)
	at sun.reflect.DelegatingMethodAccessorImpl.invoke(DelegatingMethodAccessorImpl.java:43)
	at java.lang.reflect.Method.invoke(Method.java:498)
	at org.testng.internal.MethodInvocationHelper.invokeMethod(MethodInvocationHelper.java:85)
	at org.testng.internal.Invoker.invokeMethod(Invoker.java:659)
	at org.testng.internal.Invoker.invokeTestMethod(Invoker.java:845)
	at org.testng.internal.Invoker.invokeTestMethods(Invoker.java:1153)
	at org.testng.internal.TestMethodWorker.invokeTestMethods(TestMethodWorker.java:125)
	at org.testng.internal.TestMethodWorker.run(TestMethodWorker.java:108)
	at org.testng.TestRunner.privateRun(TestRunner.java:771)
	at org.testng.TestRunner.run(TestRunner.java:621)
	at org.testng.SuiteRunner.runTest(SuiteRunner.java:357)
	at org.testng.SuiteRunner.access$000(SuiteRunner.java:38)
	at org.testng.SuiteRunner$SuiteWorker.run(SuiteRunner.java:391)
	at org.testng.internal.thread.ThreadUtil$2.call(ThreadUtil.java:64)
	at java.util.concurrent.FutureTask.run(FutureTask.java:266)
	at java.util.concurrent.ThreadPoolExecutor.runWorker(ThreadPoolExecutor.java:1142)
	at java.util.concurrent.ThreadPoolExecutor$Worker.run(ThreadPoolExecutor.java:617)
	at java.lang.Thread.run(Thread.java:745)
]]>
            </full-stacktrace>
          </exception> <!-- java.lang.AssertionError -->
          <reporter-output>
          </reporter-output>
        </test-method> <!-- CompareWorkLogByDay -->
        <test-method status="PASS" signature="getResult(org.testng.ITestResult)[pri:0, instance:TDWebTest.TimelogComparison.CompareEditTimeAndDailyReports@523884b2]" name="getResult" is-config="true" duration-ms="528" started-at="2018-12-10T21:45:27Z" finished-at="2018-12-10T21:45:28Z">
          <params>
            <param index="0">
              <value>
                <![CDATA[[TestResult name=CompareWorkLogByDay status=FAILURE method=CompareEditTimeAndDailyReports.CompareWorkLogByDay()[pri:0, instance:TDWebTest.TimelogComparison.CompareEditTimeAndDailyReports@523884b2] output={null}]]]>
              </value>
            </param>
          </params>
          <reporter-output>
          </reporter-output>
        </test-method> <!-- getResult -->
        <test-method status="PASS" signature="SuiteTeardown()[pri:0, instance:TDWebTest.TimelogComparison.CompareEditTimeAndDailyReports@523884b2]" name="SuiteTeardown" is-config="true" duration-ms="630" started-at="2018-12-10T21:45:28Z" finished-at="2018-12-10T21:45:28Z">
          <reporter-output>
          </reporter-output>
        </test-method> <!-- SuiteTeardown -->
      </class> <!-- TDWebTest.TimelogComparison.CompareEditTimeAndDailyReports -->
    </test> <!-- CompareDailyReportsOfAllUsers -->
  </suite> <!-- Suite -->
</testng-results>
